21:14:13 INFO  : Registering command handlers for SDK TCF services
21:14:14 INFO  : Launching XSCT server: xsct.bat -interactive E:\Xilinx\zynq\Workspace_Starter_Kit_V2_XC7Z020\Project05_LwIP\project_1.sdk\temp_xsdb_launch_script.tcl
21:14:17 INFO  : XSCT server has started successfully.
21:14:17 INFO  : Successfully done setting XSCT server connection channel  
21:14:17 INFO  : Successfully done setting SDK workspace  
21:14:17 INFO  : Processing command line option -hwspec E:/Xilinx/zynq/Workspace_Starter_Kit_V2_XC7Z020/Project05_LwIP/project_1.sdk/design_1_wrapper.hdf.
21:17:16 INFO  : Connected to target on host '127.0.0.1' and port '3121'.
21:17:16 INFO  : Jtag cable 'Platform Cable USB 00000000000000' is selected.
21:17:16 INFO  : 'jtag frequency' command is executed.
21:17:16 INFO  : Sourcing of 'E:/Xilinx/zynq/Workspace_Starter_Kit_V2_XC7Z020/Project05_LwIP/project_1.sdk/design_1_wrapper_hw_platform_0/ps7_init.tcl' is done.
21:17:16 INFO  : Context for 'APU' is selected.
21:17:17 INFO  : System reset is completed.
21:17:20 INFO  : 'after 3000' command is executed.
21:17:20 INFO  : 'targets -set -filter {jtag_cable_name =~ "Platform Cable USB 00000000000000" && level==0} -index 1' command is executed.
21:17:29 INFO  : FPGA configured successfully with bitstream "E:/Xilinx/zynq/Workspace_Starter_Kit_V2_XC7Z020/Project05_LwIP/project_1.sdk/design_1_wrapper_hw_platform_0/design_1_wrapper.bit"
21:17:29 INFO  : Context for 'APU' is selected.
21:17:29 INFO  : Hardware design information is loaded from 'E:/Xilinx/zynq/Workspace_Starter_Kit_V2_XC7Z020/Project05_LwIP/project_1.sdk/design_1_wrapper_hw_platform_0/system.hdf'.
21:17:29 INFO  : 'configparams force-mem-access 1' command is executed.
21:17:29 INFO  : Context for 'APU' is selected.
21:17:29 INFO  : 'ps7_init' command is executed.
21:17:29 INFO  : 'ps7_post_config' command is executed.
21:17:29 INFO  : Context for processor 'ps7_cortexa9_0' is selected.
21:17:31 INFO  : The application 'E:/Xilinx/zynq/Workspace_Starter_Kit_V2_XC7Z020/Project05_LwIP/project_1.sdk/LwIP_TEST/Debug/LwIP_TEST.elf' is downloaded to processor 'ps7_cortexa9_0'.
21:17:31 INFO  : 'configparams force-mem-access 0' command is executed.
21:17:31 INFO  : ----------------XSDB Script----------------
connect -url tcp:127.0.0.1:3121
source E:/Xilinx/zynq/Workspace_Starter_Kit_V2_XC7Z020/Project05_LwIP/project_1.sdk/design_1_wrapper_hw_platform_0/ps7_init.tcl
targets -set -nocase -filter {name =~"APU*" && jtag_cable_name =~ "Platform Cable USB 00000000000000"} -index 0
rst -system
after 3000
targets -set -filter {jtag_cable_name =~ "Platform Cable USB 00000000000000" && level==0} -index 1
fpga -file E:/Xilinx/zynq/Workspace_Starter_Kit_V2_XC7Z020/Project05_LwIP/project_1.sdk/design_1_wrapper_hw_platform_0/design_1_wrapper.bit
targets -set -nocase -filter {name =~"APU*" && jtag_cable_name =~ "Platform Cable USB 00000000000000"} -index 0
loadhw -hw E:/Xilinx/zynq/Workspace_Starter_Kit_V2_XC7Z020/Project05_LwIP/project_1.sdk/design_1_wrapper_hw_platform_0/system.hdf -mem-ranges [list {0x40000000 0xbfffffff}]
configparams force-mem-access 1
targets -set -nocase -filter {name =~"APU*" && jtag_cable_name =~ "Platform Cable USB 00000000000000"} -index 0
ps7_init
ps7_post_config
targets -set -nocase -filter {name =~ "ARM*#0" && jtag_cable_name =~ "Platform Cable USB 00000000000000"} -index 0
dow E:/Xilinx/zynq/Workspace_Starter_Kit_V2_XC7Z020/Project05_LwIP/project_1.sdk/LwIP_TEST/Debug/LwIP_TEST.elf
configparams force-mem-access 0
----------------End of Script----------------

21:17:31 INFO  : Memory regions updated for context APU
21:17:31 INFO  : Context for processor 'ps7_cortexa9_0' is selected.
21:17:31 INFO  : 'con' command is executed.
21:17:31 INFO  : ----------------XSDB Script (After Launch)----------------
targets -set -nocase -filter {name =~ "ARM*#0" && jtag_cable_name =~ "Platform Cable USB 00000000000000"} -index 0
con
----------------End of Script----------------

21:17:31 INFO  : Launch script is exported to file 'E:\Xilinx\zynq\Workspace_Starter_Kit_V2_XC7Z020\Project05_LwIP\project_1.sdk\.sdk\launch_scripts\xilinx_c-c++_application_(system_debugger)\system_debugger_using_debug_lwip_test.elf_on_local.tcl'
21:18:32 INFO  : Disconnected from the channel tcfchan#1.
