20:34:56 INFO  : Registering command handlers for SDK TCF services
20:34:57 INFO  : Launching XSCT server: xsct.bat -interactive E:\Xilinx\zynq\Workspace_Starter_Kit_V2_XC7Z020\Project01_PL_MIO_LED\project_1.sdk\temp_xsdb_launch_script.tcl
20:35:00 INFO  : XSCT server has started successfully.
20:35:00 INFO  : Successfully done setting XSCT server connection channel  
20:35:00 INFO  : Successfully done setting SDK workspace  
20:35:00 INFO  : Processing command line option -hwspec E:/Xilinx/zynq/Workspace_Starter_Kit_V2_XC7Z020/Project01_PL_MIO_LED/project_1.sdk/design_1_wrapper.hdf.
20:36:23 INFO  : 'targets -set -filter {jtag_cable_name =~ "Platform Cable USB 00000000000000" && level==0} -index 1' command is executed.
20:36:23 INFO  : 'fpga -state' command is executed.
20:36:26 INFO  : Connected to target on host '127.0.0.1' and port '3121'.
20:36:26 INFO  : Jtag cable 'Platform Cable USB 00000000000000' is selected.
20:36:26 INFO  : 'jtag frequency' command is executed.
20:36:26 INFO  : Sourcing of 'E:/Xilinx/zynq/Workspace_Starter_Kit_V2_XC7Z020/Project01_PL_MIO_LED/project_1.sdk/design_1_wrapper_hw_platform_0/ps7_init.tcl' is done.
20:36:26 INFO  : Context for 'APU' is selected.
20:36:26 INFO  : Hardware design information is loaded from 'E:/Xilinx/zynq/Workspace_Starter_Kit_V2_XC7Z020/Project01_PL_MIO_LED/project_1.sdk/design_1_wrapper_hw_platform_0/system.hdf'.
20:36:26 INFO  : 'configparams force-mem-access 1' command is executed.
20:36:26 INFO  : Context for 'APU' is selected.
20:36:26 INFO  : 'stop' command is executed.
20:36:27 INFO  : 'ps7_init' command is executed.
20:36:27 INFO  : 'ps7_post_config' command is executed.
20:36:27 INFO  : Context for processor 'ps7_cortexa9_0' is selected.
20:36:27 INFO  : Processor reset is completed for 'ps7_cortexa9_0'.
20:36:27 INFO  : Context for processor 'ps7_cortexa9_0' is selected.
20:36:28 INFO  : The application 'E:/Xilinx/zynq/Workspace_Starter_Kit_V2_XC7Z020/Project01_PL_MIO_LED/project_1.sdk/MIO_TEST/Debug/MIO_TEST.elf' is downloaded to processor 'ps7_cortexa9_0'.
20:36:28 INFO  : 'configparams force-mem-access 0' command is executed.
20:36:28 INFO  : ----------------XSDB Script----------------
connect -url tcp:127.0.0.1:3121
source E:/Xilinx/zynq/Workspace_Starter_Kit_V2_XC7Z020/Project01_PL_MIO_LED/project_1.sdk/design_1_wrapper_hw_platform_0/ps7_init.tcl
targets -set -nocase -filter {name =~"APU*" && jtag_cable_name =~ "Platform Cable USB 00000000000000"} -index 0
loadhw -hw E:/Xilinx/zynq/Workspace_Starter_Kit_V2_XC7Z020/Project01_PL_MIO_LED/project_1.sdk/design_1_wrapper_hw_platform_0/system.hdf -mem-ranges [list {0x40000000 0xbfffffff}]
configparams force-mem-access 1
targets -set -nocase -filter {name =~"APU*" && jtag_cable_name =~ "Platform Cable USB 00000000000000"} -index 0
stop
ps7_init
ps7_post_config
targets -set -nocase -filter {name =~ "ARM*#0" && jtag_cable_name =~ "Platform Cable USB 00000000000000"} -index 0
rst -processor
targets -set -nocase -filter {name =~ "ARM*#0" && jtag_cable_name =~ "Platform Cable USB 00000000000000"} -index 0
dow E:/Xilinx/zynq/Workspace_Starter_Kit_V2_XC7Z020/Project01_PL_MIO_LED/project_1.sdk/MIO_TEST/Debug/MIO_TEST.elf
configparams force-mem-access 0
----------------End of Script----------------

20:36:28 INFO  : Memory regions updated for context APU
20:36:28 INFO  : Context for processor 'ps7_cortexa9_0' is selected.
20:36:28 INFO  : 'con' command is executed.
20:36:28 INFO  : ----------------XSDB Script (After Launch)----------------
targets -set -nocase -filter {name =~ "ARM*#0" && jtag_cable_name =~ "Platform Cable USB 00000000000000"} -index 0
con
----------------End of Script----------------

20:36:28 INFO  : Launch script is exported to file 'E:\Xilinx\zynq\Workspace_Starter_Kit_V2_XC7Z020\Project01_PL_MIO_LED\project_1.sdk\.sdk\launch_scripts\xilinx_c-c++_application_(system_debugger)\system_debugger_using_debug_mio_test.elf_on_local.tcl'
20:36:37 INFO  : Disconnected from the channel tcfchan#1.
