#-----------------------------------------------------------
# Vivado v2018.3 (64-bit)
# SW Build 2405991 on Thu Dec  6 23:38:27 MST 2018
# IP Build 2404404 on Fri Dec  7 01:43:56 MST 2018
# Start of session at: Mon Apr 10 21:13:06 2023
# Process ID: 15376
# Current directory: E:/Xilinx/zynq/Workspace_Starter_Kit_V2_XC7Z020/Project05_LwIP
# Command line: vivado.exe -gui_launcher_event rodinguilauncherevent13984 E:\Xilinx\zynq\Workspace_Starter_Kit_V2_XC7Z020\Project05_LwIP\project_1.xpr
# Log file: E:/Xilinx/zynq/Workspace_Starter_Kit_V2_XC7Z020/Project05_LwIP/vivado.log
# Journal file: E:/Xilinx/zynq/Workspace_Starter_Kit_V2_XC7Z020/Project05_LwIP\vivado.jou
#-----------------------------------------------------------
start_gui
open_project E:/Xilinx/zynq/Workspace_Starter_Kit_V2_XC7Z020/Project05_LwIP/project_1.xpr
INFO: [Project 1-313] Project file moved from 'E:/Xilinx/zynq/Workspace_Starter_Kit_V2_XC7Z020/Project01_PL_EMIO_LED' since last save.
Scanning sources...
Finished scanning sources
INFO: [IP_Flow 19-234] Refreshing IP repositories
INFO: [IP_Flow 19-1704] No user IP repositories specified
INFO: [IP_Flow 19-2313] Loaded Vivado IP repository 'C:/Xilinx/Vivado/2018.3/data/ip'.
open_project: Time (s): cpu = 00:00:12 ; elapsed = 00:00:08 . Memory (MB): peak = 772.555 ; gain = 163.812
update_compile_order -fileset sources_1
file copy -force E:/Xilinx/zynq/Workspace_Starter_Kit_V2_XC7Z020/Project05_LwIP/project_1.runs/impl_2/design_1_wrapper.sysdef E:/Xilinx/zynq/Workspace_Starter_Kit_V2_XC7Z020/Project05_LwIP/project_1.sdk/design_1_wrapper.hdf

launch_sdk -workspace E:/Xilinx/zynq/Workspace_Starter_Kit_V2_XC7Z020/Project05_LwIP/project_1.sdk -hwspec E:/Xilinx/zynq/Workspace_Starter_Kit_V2_XC7Z020/Project05_LwIP/project_1.sdk/design_1_wrapper.hdf
INFO: [Vivado 12-393] Launching SDK...
INFO: [Vivado 12-417] Running xsdk -workspace E:/Xilinx/zynq/Workspace_Starter_Kit_V2_XC7Z020/Project05_LwIP/project_1.sdk -hwspec E:/Xilinx/zynq/Workspace_Starter_Kit_V2_XC7Z020/Project05_LwIP/project_1.sdk/design_1_wrapper.hdf
INFO: [Vivado 12-3157] SDK launch initiated. Please check console for any further messages.
exit
INFO: [Common 17-206] Exiting Vivado at Mon Apr 10 21:18:38 2023...
