20:21:52 INFO  : Registering command handlers for SDK TCF services
20:21:56 INFO  : Launching XSCT server: xsct.bat -interactive E:\Xilinx\zynq\Workspace_Starter_Kit_V2_XC7Z020\Project01_PL_EMIO_LED\project_1.sdk\temp_xsdb_launch_script.tcl
20:22:08 INFO  : XSCT server has started successfully.
20:22:08 INFO  : Successfully done setting XSCT server connection channel  
20:22:22 INFO  : Successfully done setting SDK workspace  
20:22:22 INFO  : Processing command line option -hwspec E:/Xilinx/zynq/Workspace_Starter_Kit_V2_XC7Z020/Project01_PL_EMIO_LED/project_1.sdk/design_1_wrapper.hdf.
20:26:44 INFO  : 'targets -set -filter {jtag_cable_name =~ "Platform Cable USB 00000000000000" && level==0} -index 1' command is executed.
20:26:44 INFO  : 'fpga -state' command is executed.
20:26:49 INFO  : Connected to target on host '127.0.0.1' and port '3121'.
20:26:50 INFO  : Jtag cable 'Platform Cable USB 00000000000000' is selected.
20:26:50 INFO  : 'jtag frequency' command is executed.
20:26:50 INFO  : Sourcing of 'E:/Xilinx/zynq/Workspace_Starter_Kit_V2_XC7Z020/Project01_PL_EMIO_LED/project_1.sdk/design_1_wrapper_hw_platform_0/ps7_init.tcl' is done.
20:26:50 INFO  : Context for 'APU' is selected.
20:26:50 INFO  : Hardware design information is loaded from 'E:/Xilinx/zynq/Workspace_Starter_Kit_V2_XC7Z020/Project01_PL_EMIO_LED/project_1.sdk/design_1_wrapper_hw_platform_0/system.hdf'.
20:26:50 INFO  : 'configparams force-mem-access 1' command is executed.
20:26:50 INFO  : Context for 'APU' is selected.
20:26:50 INFO  : 'stop' command is executed.
20:26:51 INFO  : 'ps7_init' command is executed.
20:26:51 INFO  : 'ps7_post_config' command is executed.
20:26:51 INFO  : Context for processor 'ps7_cortexa9_0' is selected.
20:26:51 INFO  : Processor reset is completed for 'ps7_cortexa9_0'.
20:26:51 INFO  : Context for processor 'ps7_cortexa9_0' is selected.
20:26:51 INFO  : The application 'E:/Xilinx/zynq/Workspace_Starter_Kit_V2_XC7Z020/Project01_PL_EMIO_LED/project_1.sdk/EMIO_TEST/Debug/EMIO_TEST.elf' is downloaded to processor 'ps7_cortexa9_0'.
20:26:51 INFO  : 'configparams force-mem-access 0' command is executed.
20:26:51 INFO  : ----------------XSDB Script----------------
connect -url tcp:127.0.0.1:3121
source E:/Xilinx/zynq/Workspace_Starter_Kit_V2_XC7Z020/Project01_PL_EMIO_LED/project_1.sdk/design_1_wrapper_hw_platform_0/ps7_init.tcl
targets -set -nocase -filter {name =~"APU*" && jtag_cable_name =~ "Platform Cable USB 00000000000000"} -index 0
loadhw -hw E:/Xilinx/zynq/Workspace_Starter_Kit_V2_XC7Z020/Project01_PL_EMIO_LED/project_1.sdk/design_1_wrapper_hw_platform_0/system.hdf -mem-ranges [list {0x40000000 0xbfffffff}]
configparams force-mem-access 1
targets -set -nocase -filter {name =~"APU*" && jtag_cable_name =~ "Platform Cable USB 00000000000000"} -index 0
stop
ps7_init
ps7_post_config
targets -set -nocase -filter {name =~ "ARM*#0" && jtag_cable_name =~ "Platform Cable USB 00000000000000"} -index 0
rst -processor
targets -set -nocase -filter {name =~ "ARM*#0" && jtag_cable_name =~ "Platform Cable USB 00000000000000"} -index 0
dow E:/Xilinx/zynq/Workspace_Starter_Kit_V2_XC7Z020/Project01_PL_EMIO_LED/project_1.sdk/EMIO_TEST/Debug/EMIO_TEST.elf
configparams force-mem-access 0
----------------End of Script----------------

20:26:51 INFO  : Memory regions updated for context APU
20:26:51 INFO  : Context for processor 'ps7_cortexa9_0' is selected.
20:26:51 INFO  : 'con' command is executed.
20:26:51 INFO  : ----------------XSDB Script (After Launch)----------------
targets -set -nocase -filter {name =~ "ARM*#0" && jtag_cable_name =~ "Platform Cable USB 00000000000000"} -index 0
con
----------------End of Script----------------

20:26:51 INFO  : Launch script is exported to file 'E:\Xilinx\zynq\Workspace_Starter_Kit_V2_XC7Z020\Project01_PL_EMIO_LED\project_1.sdk\.sdk\launch_scripts\xilinx_c-c++_application_(system_debugger)\system_debugger_using_debug_emio_test.elf_on_local.tcl'
20:27:23 INFO  : Disconnected from the channel tcfchan#1.
20:27:53 INFO  : 'targets -set -filter {jtag_cable_name =~ "Platform Cable USB 00000000000000" && level==0} -index 1' command is executed.
20:27:53 INFO  : 'fpga -state' command is executed.
20:27:58 INFO  : Connected to target on host '127.0.0.1' and port '3121'.
20:27:58 INFO  : Jtag cable 'Platform Cable USB 00000000000000' is selected.
20:27:58 INFO  : 'jtag frequency' command is executed.
20:27:58 INFO  : Sourcing of 'E:/Xilinx/zynq/Workspace_Starter_Kit_V2_XC7Z020/Project01_PL_EMIO_LED/project_1.sdk/design_1_wrapper_hw_platform_0/ps7_init.tcl' is done.
20:27:58 INFO  : Context for 'APU' is selected.
20:27:58 INFO  : Hardware design information is loaded from 'E:/Xilinx/zynq/Workspace_Starter_Kit_V2_XC7Z020/Project01_PL_EMIO_LED/project_1.sdk/design_1_wrapper_hw_platform_0/system.hdf'.
20:27:58 INFO  : 'configparams force-mem-access 1' command is executed.
20:27:58 INFO  : Context for 'APU' is selected.
20:27:58 INFO  : 'stop' command is executed.
20:27:59 INFO  : 'ps7_init' command is executed.
20:27:59 INFO  : 'ps7_post_config' command is executed.
20:27:59 INFO  : Context for processor 'ps7_cortexa9_0' is selected.
20:27:59 INFO  : Processor reset is completed for 'ps7_cortexa9_0'.
20:27:59 INFO  : Context for processor 'ps7_cortexa9_0' is selected.
20:27:59 INFO  : The application 'E:/Xilinx/zynq/Workspace_Starter_Kit_V2_XC7Z020/Project01_PL_EMIO_LED/project_1.sdk/EMIO_TEST/Debug/EMIO_TEST.elf' is downloaded to processor 'ps7_cortexa9_0'.
20:27:59 INFO  : 'configparams force-mem-access 0' command is executed.
20:27:59 INFO  : ----------------XSDB Script----------------
connect -url tcp:127.0.0.1:3121
source E:/Xilinx/zynq/Workspace_Starter_Kit_V2_XC7Z020/Project01_PL_EMIO_LED/project_1.sdk/design_1_wrapper_hw_platform_0/ps7_init.tcl
targets -set -nocase -filter {name =~"APU*" && jtag_cable_name =~ "Platform Cable USB 00000000000000"} -index 0
loadhw -hw E:/Xilinx/zynq/Workspace_Starter_Kit_V2_XC7Z020/Project01_PL_EMIO_LED/project_1.sdk/design_1_wrapper_hw_platform_0/system.hdf -mem-ranges [list {0x40000000 0xbfffffff}]
configparams force-mem-access 1
targets -set -nocase -filter {name =~"APU*" && jtag_cable_name =~ "Platform Cable USB 00000000000000"} -index 0
stop
ps7_init
ps7_post_config
targets -set -nocase -filter {name =~ "ARM*#0" && jtag_cable_name =~ "Platform Cable USB 00000000000000"} -index 0
rst -processor
targets -set -nocase -filter {name =~ "ARM*#0" && jtag_cable_name =~ "Platform Cable USB 00000000000000"} -index 0
dow E:/Xilinx/zynq/Workspace_Starter_Kit_V2_XC7Z020/Project01_PL_EMIO_LED/project_1.sdk/EMIO_TEST/Debug/EMIO_TEST.elf
configparams force-mem-access 0
----------------End of Script----------------

20:27:59 INFO  : Memory regions updated for context APU
20:28:00 INFO  : Context for processor 'ps7_cortexa9_0' is selected.
20:28:00 INFO  : 'con' command is executed.
20:28:00 INFO  : ----------------XSDB Script (After Launch)----------------
targets -set -nocase -filter {name =~ "ARM*#0" && jtag_cable_name =~ "Platform Cable USB 00000000000000"} -index 0
con
----------------End of Script----------------

20:28:00 INFO  : Launch script is exported to file 'E:\Xilinx\zynq\Workspace_Starter_Kit_V2_XC7Z020\Project01_PL_EMIO_LED\project_1.sdk\.sdk\launch_scripts\xilinx_c-c++_application_(system_debugger)\system_debugger_using_debug_emio_test.elf_on_local.tcl'
20:28:15 INFO  : Disconnected from the channel tcfchan#2.
20:44:19 INFO  : Registering command handlers for SDK TCF services
20:44:20 INFO  : Launching XSCT server: xsct.bat -interactive E:\Xilinx\zynq\Workspace_Starter_Kit_V2_XC7Z020\Project01_PL_EMIO_LED_\project_1.sdk\temp_xsdb_launch_script.tcl
20:44:23 INFO  : XSCT server has started successfully.
20:44:23 INFO  : Successfully done setting XSCT server connection channel  
20:44:23 INFO  : Successfully done setting SDK workspace  
20:44:23 INFO  : Processing command line option -hwspec E:/Xilinx/zynq/Workspace_Starter_Kit_V2_XC7Z020/Project01_PL_EMIO_LED_/project_1.sdk/design_1_wrapper.hdf.
20:45:18 INFO  : 'targets -set -filter {jtag_cable_name =~ "Platform Cable USB 00000000000000" && level==0} -index 1' command is executed.
20:45:18 INFO  : 'fpga -state' command is executed.
20:45:18 INFO  : Connected to target on host '127.0.0.1' and port '3121'.
20:45:18 INFO  : Jtag cable 'Platform Cable USB 00000000000000' is selected.
20:45:18 INFO  : 'jtag frequency' command is executed.
20:45:18 INFO  : Sourcing of 'E:/Xilinx/zynq/Workspace_Starter_Kit_V2_XC7Z020/Project01_PL_EMIO_LED_/project_1.sdk/design_1_wrapper_hw_platform_0/ps7_init.tcl' is done.
20:45:18 INFO  : Context for 'APU' is selected.
20:45:18 INFO  : Hardware design information is loaded from 'E:/Xilinx/zynq/Workspace_Starter_Kit_V2_XC7Z020/Project01_PL_EMIO_LED_/project_1.sdk/design_1_wrapper_hw_platform_0/system.hdf'.
20:45:18 INFO  : 'configparams force-mem-access 1' command is executed.
20:45:18 INFO  : Context for 'APU' is selected.
20:45:18 INFO  : 'stop' command is executed.
20:45:19 INFO  : 'ps7_init' command is executed.
20:45:19 INFO  : 'ps7_post_config' command is executed.
20:45:19 INFO  : Context for processor 'ps7_cortexa9_0' is selected.
20:45:19 INFO  : Processor reset is completed for 'ps7_cortexa9_0'.
20:45:19 INFO  : Context for processor 'ps7_cortexa9_0' is selected.
20:45:20 INFO  : The application 'E:/Xilinx/zynq/Workspace_Starter_Kit_V2_XC7Z020/Project01_PL_EMIO_LED_/project_1.sdk/EMIO_TEST/Debug/EMIO_TEST.elf' is downloaded to processor 'ps7_cortexa9_0'.
20:45:20 INFO  : 'configparams force-mem-access 0' command is executed.
20:45:20 INFO  : ----------------XSDB Script----------------
connect -url tcp:127.0.0.1:3121
source E:/Xilinx/zynq/Workspace_Starter_Kit_V2_XC7Z020/Project01_PL_EMIO_LED_/project_1.sdk/design_1_wrapper_hw_platform_0/ps7_init.tcl
targets -set -nocase -filter {name =~"APU*" && jtag_cable_name =~ "Platform Cable USB 00000000000000"} -index 0
loadhw -hw E:/Xilinx/zynq/Workspace_Starter_Kit_V2_XC7Z020/Project01_PL_EMIO_LED_/project_1.sdk/design_1_wrapper_hw_platform_0/system.hdf -mem-ranges [list {0x40000000 0xbfffffff}]
configparams force-mem-access 1
targets -set -nocase -filter {name =~"APU*" && jtag_cable_name =~ "Platform Cable USB 00000000000000"} -index 0
stop
ps7_init
ps7_post_config
targets -set -nocase -filter {name =~ "ARM*#0" && jtag_cable_name =~ "Platform Cable USB 00000000000000"} -index 0
rst -processor
targets -set -nocase -filter {name =~ "ARM*#0" && jtag_cable_name =~ "Platform Cable USB 00000000000000"} -index 0
dow E:/Xilinx/zynq/Workspace_Starter_Kit_V2_XC7Z020/Project01_PL_EMIO_LED_/project_1.sdk/EMIO_TEST/Debug/EMIO_TEST.elf
configparams force-mem-access 0
----------------End of Script----------------

20:45:20 INFO  : Memory regions updated for context APU
20:45:20 INFO  : Context for processor 'ps7_cortexa9_0' is selected.
20:45:20 INFO  : 'con' command is executed.
20:45:20 INFO  : ----------------XSDB Script (After Launch)----------------
targets -set -nocase -filter {name =~ "ARM*#0" && jtag_cable_name =~ "Platform Cable USB 00000000000000"} -index 0
con
----------------End of Script----------------

20:45:20 INFO  : Launch script is exported to file 'E:\Xilinx\zynq\Workspace_Starter_Kit_V2_XC7Z020\Project01_PL_EMIO_LED_\project_1.sdk\.sdk\launch_scripts\xilinx_c-c++_application_(system_debugger)\system_debugger_using_debug_emio_test.elf_on_local.tcl'
20:46:10 INFO  : Disconnected from the channel tcfchan#1.
20:49:57 INFO  : Connected to target on host '127.0.0.1' and port '3121'.
20:49:57 INFO  : Jtag cable 'Platform Cable USB 00000000000000' is selected.
20:49:58 INFO  : 'jtag frequency' command is executed.
20:49:58 INFO  : Sourcing of 'E:/Xilinx/zynq/Workspace_Starter_Kit_V2_XC7Z020/Project01_PL_EMIO_LED_/project_1.sdk/design_1_wrapper_hw_platform_0/ps7_init.tcl' is done.
20:49:58 INFO  : Context for 'APU' is selected.
20:49:58 INFO  : System reset is completed.
20:50:01 INFO  : 'after 3000' command is executed.
20:50:01 INFO  : 'targets -set -filter {jtag_cable_name =~ "Platform Cable USB 00000000000000" && level==0} -index 1' command is executed.
20:50:10 INFO  : FPGA configured successfully with bitstream "E:/Xilinx/zynq/Workspace_Starter_Kit_V2_XC7Z020/Project01_PL_EMIO_LED_/project_1.sdk/design_1_wrapper_hw_platform_0/design_1_wrapper.bit"
20:50:10 INFO  : Context for 'APU' is selected.
20:50:10 INFO  : Hardware design information is loaded from 'E:/Xilinx/zynq/Workspace_Starter_Kit_V2_XC7Z020/Project01_PL_EMIO_LED_/project_1.sdk/design_1_wrapper_hw_platform_0/system.hdf'.
20:50:10 INFO  : 'configparams force-mem-access 1' command is executed.
20:50:10 INFO  : Context for 'APU' is selected.
20:50:11 INFO  : 'ps7_init' command is executed.
20:50:11 INFO  : 'ps7_post_config' command is executed.
20:50:11 INFO  : Context for processor 'ps7_cortexa9_0' is selected.
20:50:11 INFO  : The application 'E:/Xilinx/zynq/Workspace_Starter_Kit_V2_XC7Z020/Project01_PL_EMIO_LED_/project_1.sdk/EMIO_TEST/Debug/EMIO_TEST.elf' is downloaded to processor 'ps7_cortexa9_0'.
20:50:11 INFO  : 'configparams force-mem-access 0' command is executed.
20:50:11 INFO  : ----------------XSDB Script----------------
connect -url tcp:127.0.0.1:3121
source E:/Xilinx/zynq/Workspace_Starter_Kit_V2_XC7Z020/Project01_PL_EMIO_LED_/project_1.sdk/design_1_wrapper_hw_platform_0/ps7_init.tcl
targets -set -nocase -filter {name =~"APU*" && jtag_cable_name =~ "Platform Cable USB 00000000000000"} -index 0
rst -system
after 3000
targets -set -filter {jtag_cable_name =~ "Platform Cable USB 00000000000000" && level==0} -index 1
fpga -file E:/Xilinx/zynq/Workspace_Starter_Kit_V2_XC7Z020/Project01_PL_EMIO_LED_/project_1.sdk/design_1_wrapper_hw_platform_0/design_1_wrapper.bit
targets -set -nocase -filter {name =~"APU*" && jtag_cable_name =~ "Platform Cable USB 00000000000000"} -index 0
loadhw -hw E:/Xilinx/zynq/Workspace_Starter_Kit_V2_XC7Z020/Project01_PL_EMIO_LED_/project_1.sdk/design_1_wrapper_hw_platform_0/system.hdf -mem-ranges [list {0x40000000 0xbfffffff}]
configparams force-mem-access 1
targets -set -nocase -filter {name =~"APU*" && jtag_cable_name =~ "Platform Cable USB 00000000000000"} -index 0
ps7_init
ps7_post_config
targets -set -nocase -filter {name =~ "ARM*#0" && jtag_cable_name =~ "Platform Cable USB 00000000000000"} -index 0
dow E:/Xilinx/zynq/Workspace_Starter_Kit_V2_XC7Z020/Project01_PL_EMIO_LED_/project_1.sdk/EMIO_TEST/Debug/EMIO_TEST.elf
configparams force-mem-access 0
----------------End of Script----------------

20:50:11 INFO  : Memory regions updated for context APU
20:50:11 INFO  : Context for processor 'ps7_cortexa9_0' is selected.
20:50:11 INFO  : 'con' command is executed.
20:50:11 INFO  : ----------------XSDB Script (After Launch)----------------
targets -set -nocase -filter {name =~ "ARM*#0" && jtag_cable_name =~ "Platform Cable USB 00000000000000"} -index 0
con
----------------End of Script----------------

20:50:11 INFO  : Launch script is exported to file 'E:\Xilinx\zynq\Workspace_Starter_Kit_V2_XC7Z020\Project01_PL_EMIO_LED_\project_1.sdk\.sdk\launch_scripts\xilinx_c-c++_application_(system_debugger)\system_debugger_using_debug_emio_test.elf_on_local.tcl'
20:50:19 INFO  : Disconnected from the channel tcfchan#2.
