#-----------------------------------------------------------
# Vivado v2018.3 (64-bit)
# SW Build 2405991 on Thu Dec  6 23:38:27 MST 2018
# IP Build 2404404 on Fri Dec  7 01:43:56 MST 2018
# Start of session at: Mon Apr 10 20:38:08 2023
# Process ID: 15076
# Current directory: E:/Xilinx/zynq/Workspace_Starter_Kit_V2_XC7Z020/Project01_PL_EMIO_LED_
# Command line: vivado.exe -gui_launcher_event rodinguilauncherevent14204 E:\Xilinx\zynq\Workspace_Starter_Kit_V2_XC7Z020\Project01_PL_EMIO_LED_\project_1.xpr
# Log file: E:/Xilinx/zynq/Workspace_Starter_Kit_V2_XC7Z020/Project01_PL_EMIO_LED_/vivado.log
# Journal file: E:/Xilinx/zynq/Workspace_Starter_Kit_V2_XC7Z020/Project01_PL_EMIO_LED_\vivado.jou
#-----------------------------------------------------------
start_gui
open_project E:/Xilinx/zynq/Workspace_Starter_Kit_V2_XC7Z020/Project01_PL_EMIO_LED_/project_1.xpr
INFO: [Project 1-313] Project file moved from 'E:/Xilinx/zynq/Workspace_Starter_Kit_V2_XC7Z020/Project01_PL_EMIO_LED' since last save.
Scanning sources...
Finished scanning sources
INFO: [IP_Flow 19-234] Refreshing IP repositories
INFO: [IP_Flow 19-1704] No user IP repositories specified
INFO: [IP_Flow 19-2313] Loaded Vivado IP repository 'C:/Xilinx/Vivado/2018.3/data/ip'.
open_project: Time (s): cpu = 00:00:12 ; elapsed = 00:00:08 . Memory (MB): peak = 802.973 ; gain = 194.742
update_compile_order -fileset sources_1
file copy -force E:/Xilinx/zynq/Workspace_Starter_Kit_V2_XC7Z020/Project01_PL_EMIO_LED_/project_1.runs/impl_2/design_1_wrapper.sysdef E:/Xilinx/zynq/Workspace_Starter_Kit_V2_XC7Z020/Project01_PL_EMIO_LED_/project_1.sdk/design_1_wrapper.hdf

launch_sdk -workspace E:/Xilinx/zynq/Workspace_Starter_Kit_V2_XC7Z020/Project01_PL_EMIO_LED_/project_1.sdk -hwspec E:/Xilinx/zynq/Workspace_Starter_Kit_V2_XC7Z020/Project01_PL_EMIO_LED_/project_1.sdk/design_1_wrapper.hdf
INFO: [Vivado 12-393] Launching SDK...
INFO: [Vivado 12-417] Running xsdk -workspace E:/Xilinx/zynq/Workspace_Starter_Kit_V2_XC7Z020/Project01_PL_EMIO_LED_/project_1.sdk -hwspec E:/Xilinx/zynq/Workspace_Starter_Kit_V2_XC7Z020/Project01_PL_EMIO_LED_/project_1.sdk/design_1_wrapper.hdf
INFO: [Vivado 12-3157] SDK launch initiated. Please check console for any further messages.
open_bd_design {E:/Xilinx/zynq/Workspace_Starter_Kit_V2_XC7Z020/Project01_PL_EMIO_LED_/project_1.srcs/sources_1/bd/design_1/design_1.bd}
Adding cell -- xilinx.com:ip:processing_system7:5.5 - processing_system7_0
Successfully read diagram <design_1> from BD file <E:/Xilinx/zynq/Workspace_Starter_Kit_V2_XC7Z020/Project01_PL_EMIO_LED_/project_1.srcs/sources_1/bd/design_1/design_1.bd>
WARNING: [IP_Flow 19-474] Invalid Parameter 'Component_Name'
close_bd_design [get_bd_designs design_1]
exit
INFO: [Common 17-206] Exiting Vivado at Mon Apr 10 20:50:27 2023...
